ISim log file
Running: D:\AAuniversityTasks\CSComputerArch\TRUECourse\chap4Exp\work_modifed\work_2\sim_mips_isim_beh.exe -intstyle ise -gui -tclbatch isim.cmd -wdb D:/AAuniversityTasks/CSComputerArch/TRUECourse/chap4Exp/work_modifed/work_2/sim_mips_isim_beh.wdb 
ISim P.20131013 (signature 0x7708f090)
This is a Full version of ISim.
Time resolution is 1 ps
# onerror resume
# wave add /
# run 1000 ns
Simulator is doing circuit initialization process.
Finished circuit initialization process.
# restart
# run 2.00us
Simulator is doing circuit initialization process.
Finished circuit initialization process.
# run 2.00us
# restart
# run 2.00us
Simulator is doing circuit initialization process.
Finished circuit initialization process.
# restart
# run all
Simulator is doing circuit initialization process.
Finished circuit initialization process.
Stopped at time : 4773890 ns : File "D:/AAuniversityTasks/CSComputerArch/TRUECourse/chap4Exp/work_modifed/work_2/datapath.v" Line 234
# restart
# run 2.00us
Simulator is doing circuit initialization process.
Finished circuit initialization process.
# restart
# run 1.5us
Simulator is doing circuit initialization process.
Finished circuit initialization process.
